Build started 2015-10-26 12:04:45.
     1>Project "c:\Users\Sadra\documents\visual studio 2015\Projects\BinarySearch\BinarySearch\BinarySearch.vcxproj" on node 2 (Build target(s)).
     1>ClCompile:
         C:\Program Files (x86)\Microsoft Visual Studio 14.0\VC\bin\CL.exe /c /ZI /nologo /W3 /WX- /sdl /Od /Oy- /D WIN32 /D _DEBUG /D _CONSOLE /D _UNICODE /D UNICODE /Gm /EHsc /RTC1 /MDd /GS /fp:precise /Zc:wchar_t /Zc:forScope /Zc:inline /Fo"Debug\\" /Fd"Debug\vc140.pdb" /Gd /TP /analyze- /errorReport:prompt Source.cpp
         Source.cpp
     1>c:\users\sadra\documents\visual studio 2015\projects\binarysearch\binarysearch\source.cpp(20): error C2131: expression did not evaluate to a constant
         c:\users\sadra\documents\visual studio 2015\projects\binarysearch\binarysearch\source.cpp(20): note: failure was caused by non-constant arguments or reference to a non-constant symbol
         c:\users\sadra\documents\visual studio 2015\projects\binarysearch\binarysearch\source.cpp(20): note: see usage of 'size'
     1>c:\users\sadra\documents\visual studio 2015\projects\binarysearch\binarysearch\source.cpp(23): warning C4552: '>>': operator has no effect; expected operator with side-effect
     1>c:\users\sadra\documents\visual studio 2015\projects\binarysearch\binarysearch\source.cpp(29): warning C4552: '<<': operator has no effect; expected operator with side-effect
     1>Done Building Project "c:\Users\Sadra\documents\visual studio 2015\Projects\BinarySearch\BinarySearch\BinarySearch.vcxproj" (Build target(s)) -- FAILED.

Build FAILED.

Time Elapsed 00:00:02.60
